app/build/outputs/mapping/release/seeds.txt
com.ngbautoroad.data.db.FinancialGoalEntity
com.ngbautoroad.data.prefs.PrefsManager$saveCard3Custom$2
com.ngbautoroad.data.prefs.PrefsManager$special$$inlined$map$13$2
com.ngbautoroad.data.prefs.PrefsManager$special$$inlined$map$10$2$1
com.ngbautoroad.data.prefs.PrefsManager$special$$inlined$map$15$2
com.ngbautoroad.data.prefs.PrefsManager$special$$inlined$map$8$2
com.ngbautoroad.service.BubbleService
com.ngbautoroad.ui.admin.AdminActivity
com.ngbautoroad.data.prefs.PrefsManager$special$$inlined$map$16
com.ngbautoroad.data.prefs.PrefsManager$special$$inlined$map$7
com.ngbautoroad.data.prefs.PrefsManager$saveZoneMapData$2
com.ngbautoroad.data.db.AppDatabase_Impl
com.ngbautoroad.data.prefs.PrefsManager$special$$inlined$map$8$2$1
com.ngbautoroad.data.prefs.PrefsManager$special$$inlined$map$12$2$1
com.ngbautoroad.data.db.VehicleConfigEntity
com.ngbautoroad.data.prefs.PrefsManager$special$$inlined$map$3$2
com.ngbautoroad.data.prefs.PrefsManager$special$$inlined$map$5
com.ngbautoroad.data.prefs.PrefsManager$special$$inlined$map$22
com.ngbautoroad.data.prefs.PrefsManager$saveOverlayPosition$2
com.ngbautoroad.data.prefs.PrefsManager$special$$inlined$map$7$2$1
com.ngbautoroad.data.prefs.PrefsManager$special$$inlined$map$26$2$1
com.ngbautoroad.data.prefs.PrefsManager$setProtectionEnabled$2
com.ngbautoroad.data.prefs.PrefsManager$special$$inlined$map$2$2
com.ngbautoroad.data.prefs.PrefsManager$saveBlockedPickup$2
com.ngbautoroad.service.OverlayService
com.ngbautoroad.ui.map.ZoneMapActivity
com.ngbautoroad.data.db.ExpenseDao
com.ngbautoroad.data.prefs.PrefsManager$special$$inlined$map$4
com.ngbautoroad.data.prefs.PrefsManager$special$$inlined$map$2$2$1
com.ngbautoroad.data.prefs.PrefsManager$special$$inlined$map$9$2
com.ngbautoroad.data.prefs.PrefsManager$special$$inlined$map$6
com.ngbautoroad.data.prefs.PrefsManager$special$$inlined$map$3
com.ngbautoroad.data.prefs.PrefsManager$special$$inlined$map$4$2$1
com.ngbautoroad.service.RideAccessibilityService
com.ngbautoroad.data.prefs.PrefsManager$special$$inlined$map$13$2$1
com.ngbautoroad.ui.finance.FinanceActivity
com.ngbautoroad.data.prefs.PrefsManager$special$$inlined$map$26$2
com.ngbautoroad.data.db.EarningEntity
com.ngbautoroad.data.prefs.PrefsManager$special$$inlined$map$4$2
com.ngbautoroad.data.db.FinanceDatabase
com.ngbautoroad.data.db.IndividualExpenseEntity
com.ngbautoroad.ui.gallery.CardGalleryActivity
com.ngbautoroad.data.prefs.PrefsManagerKt
com.ngbautoroad.data.prefs.PrefsManager$saveCard3LayoutJson$2
com.ngbautoroad.data.db.FinancialGoalDao
com.ngbautoroad.data.prefs.PrefsManager$special$$inlined$map$11$2
com.ngbautoroad.service.OcrCaptureService
com.ngbautoroad.data.db.RideHistoryDao
com.ngbautoroad.data.prefs.PrefsManager$special$$inlined$map$14$2
com.ngbautoroad.data.db.RideHistoryEntity
com.ngbautoroad.data.prefs.PrefsManager$special$$inlined$map$20$2
com.ngbautoroad.data.prefs.PrefsManager$special$$inlined$map$18
com.ngbautoroad.data.prefs.PrefsManager$setActiveCardSlot$2
com.ngbautoroad.data.prefs.PrefsManager$special$$inlined$map$9$2$1
com.ngbautoroad.data.prefs.PrefsManager$special$$inlined$map$23$2$1
com.ngbautoroad.data.prefs.PrefsManager$saveCriteriaWeights$2
com.ngbautoroad.data.prefs.PrefsManager$special$$inlined$map$21
com.ngbautoroad.data.prefs.PrefsManager$special$$inlined$map$22$2
com.ngbautoroad.data.prefs.PrefsManager$special$$inlined$map$16$2
com.ngbautoroad.data.prefs.PrefsManager$setCardName$2
com.ngbautoroad.data.prefs.PrefsManager$special$$inlined$map$16$2$1
com.ngbautoroad.data.prefs.PrefsManager$special$$inlined$map$6$2
com.ngbautoroad.data.prefs.PrefsManager$toggleGalleryFavorite$2
com.ngbautoroad.data.prefs.PrefsManager$special$$inlined$map$15$2$1
com.ngbautoroad.data.prefs.PrefsManager$special$$inlined$map$20$2$1
com.ngbautoroad.data.prefs.PrefsManager$special$$inlined$map$27$2
com.ngbautoroad.data.prefs.PrefsManager$special$$inlined$map$1$2$1
com.ngbautoroad.data.prefs.PrefsManager$setBubbleEnabled$2
...
org.osmdroid.tileprovider.MapTilePreCache: java.util.Iterator mTileIndices
kotlinx.coroutines.CoroutineExceptionHandlerKt$CoroutineExceptionHandler$1: kotlin.jvm.functions.Function2 $handler
androidx.compose.runtime.ComposerKt: int defaultsKey
com.google.android.gms.internal.mlkit_vision_text_bundled_common.zbqs: byte zbE
com.google.android.gms.internal.mlkit_vision_text_bundled_common.zbaeb: byte zbr
kotlinx.coroutines.flow.FlowKt__CountKt$count$4: kotlin.jvm.functions.Function2 $predicate
kotlinx.coroutines.flow.FlowKt__EmittersKt$unsafeTransform$$inlined$unsafeFlow$1$1: int label
com.google.android.gms.internal.mlkit_vision_text_bundled_common.zbqk: float zbw
androidx.compose.runtime.ComposerImpl: androidx.compose.runtime.ComposerImpl$derivedStateObserver$1 derivedStateObserver
androidx.compose.runtime.snapshots.SnapshotWeakSet: int $stable
com.google.android.gms.internal.mlkit_vision_text_bundled_common.zbhs: float zbm
androidx.compose.runtime.ComposerImpl$CompositionContextImpl: boolean collectingSourceInformation
kotlinx.coroutines.internal.LockFreeLinkedListNode: java.util.concurrent.atomic.AtomicReferenceFieldUpdater _removedRef$FU
com.google.android.gms.internal.mlkit_vision_text_bundled_common.zbfv: com.google.android.gms.internal.mlkit_vision_text_bundled_common.zbut zbd
com.google.android.libraries.vision.visionkit.pipeline.zbfa: boolean zbf
com.google.android.gms.internal.mlkit_vision_text_bundled_common.zbahc: float zbg
kotlinx.coroutines.flow.FlowKt__ZipKt$combineTransform$7: int label
com.google.android.gms.internal.mlkit_vision_text_bundled_common.zbix: int zbd
com.google.android.gms.internal.mlkit_vision_text_bundled_common.zbqc: float zbe
org.osmdroid.config.DefaultConfigurationProvider: java.lang.String userAgentHttpHeader
com.google.mlkit.common.sdkinternal.ModelType: com.google.mlkit.common.sdkinternal.ModelType BASE
org.osmdroid.views.MapView: double mStartAnimationZoom
com.google.mlkit.common.sdkinternal.TaskQueue: java.lang.Object zza
kotlinx.coroutines.flow.FlowKt__CollectKt$collectIndexed$2$emit$1: java.lang.Object result
com.google.android.libraries.vision.visionkit.pipeline.zbca: com.google.android.libraries.vision.visionkit.pipeline.zbd zbk
com.google.android.gms.internal.mlkit_vision_text_bundled_common.zbagb: com.google.android.gms.internal.mlkit_vision_text_bundled_common.zbagd zbj
androidx.compose.runtime.external.kotlinx.collections.immutable.implementations.persistentOrderedMap.PersistentOrderedMap: java.lang.Object lastKey
androidx.compose.runtime.SlotWriter: androidx.compose.runtime.IntStack startStack
org.osmdroid.views.overlay.gestures.RotationGestureOverlay: int MENU_ENABLED
kotlinx.coroutines.UndispatchedCoroutine: boolean threadLocalIsSet
com.google.android.gms.internal.mlkit_vision_text_bundled_common.zbafb: int zbi
com.google.android.gms.internal.mlkit_vision_text_bundled_common.zbt: com.google.android.gms.internal.mlkit_vision_text_bundled_common.zbt zbb
kotlinx.coroutines.flow.FlowKt__TransformKt$filter$$inlined$unsafeTransform$1$2$1: int label
org.osmdroid.tileprovider.tilesource.HEREWeGoTileSource: java.lang.String appId
kotlinx.coroutines.channels.BufferedChannelKt: int EXPAND_BUFFER_COMPLETION_WAIT_ITERATIONS
kotlinx.coroutines.flow.internal.ChannelFlow$collectToFun$1: int label
kotlinx.coroutines.flow.FlowKt__MigrationKt$delayEach$1: long $timeMillis
com.google.android.libraries.vision.visionkit.pipeline.zbdb: com.google.android.libraries.vision.visionkit.pipeline.zbdb zbb
com.google.android.gms.internal.mlkit_vision_text_bundled_common.zbdg: com.google.android.gms.internal.mlkit_vision_text_bundled_common.zbdf zbf
com.google.android.gms.internal.mlkit_vision_text_bundled_common.zbqk: java.lang.String zbp
org.osmdroid.views.CustomZoomButtonsController: boolean mZoomInEnabled
androidx.compose.runtime.SlotTableGroup: androidx.compose.runtime.SlotTable table
kotlinx.coroutines.EventLoop_commonKt: long MS_TO_NS